<?xml version="1.0" encoding="UTF-8"?>
<!-- Generated by org.testng.reporters.JUnitReportReporter -->
<testsuite hostname="sk" failures="0" tests="5" name="tests.TextBoxTest" time="13.462" errors="0" timestamp="2025-09-01T16:52:16 IST" skipped="0">
  <testcase classname="tests.TextBoxTest" name="testTextBox" time="0.536"/>
  <testcase classname="tests.TextBoxTest" name="testTextBox" time="5.796"/>
  <testcase classname="tests.TextBoxTest" name="testTextBox" time="5.645"/>
  <testcase classname="tests.TextBoxTest" name="testTextBox" time="0.448"/>
  <testcase classname="tests.TextBoxTest" name="testTextBox" time="1.037"/>
</testsuite> <!-- tests.TextBoxTest -->
