<?xml version="1.0" encoding="UTF-8"?>
<!-- Generated by org.testng.reporters.JUnitReportReporter -->
<testsuite hostname="sk" failures="0" tests="2" name="tests.TextBoxTest" time="2.823" errors="0" timestamp="2025-09-01T15:54:46 IST" skipped="0">
  <testcase classname="tests.TextBoxTest" name="positiveTest" time="1.264"/>
  <testcase classname="tests.TextBoxTest" name="positiveTest" time="1.559"/>
</testsuite> <!-- tests.TextBoxTest -->
